
=== Thu Sep 22 17:51:06 2022

Packages were changed.
Update Mode: mergeDefaultDependencies

The following packages were added:
  com.unity.collab-proxy@1.17.2
  com.unity.ide.rider@3.0.15
  com.unity.ide.vscode@1.2.5
  com.unity.modules.androidjni@1.0.0
  com.unity.modules.cloth@1.0.0
  com.unity.modules.director@1.0.0
  com.unity.modules.terrainphysics@1.0.0
  com.unity.modules.tilemap@1.0.0
  com.unity.modules.uielements@1.0.0
  com.unity.modules.umbra@1.0.0
  com.unity.modules.unityanalytics@1.0.0
  com.unity.modules.vehicles@1.0.0
  com.unity.modules.video@1.0.0
  com.unity.modules.wind@1.0.0
  com.unity.timeline@1.4.8
The following packages were updated:
  com.unity.ide.visualstudio from version 2.0.11 to 2.0.16
  com.unity.test-framework from version 1.1.29 to 1.1.31
